[2026-02-04 18:35:27.243] [CLIENT] Raft Client Started.
[2026-02-04 18:35:32.384] [CLIENT] Received input, other than QUIT: command
[2026-02-04 18:35:32.385] [CLIENT] Discovering leader...
[2026-02-04 18:35:32.435] [CLIENT]     Querying node at port 8102 for leader
[2026-02-04 18:35:32.535] [CLIENT]     Received leader response: 2
[2026-02-04 18:35:32.536] [CLIENT] Found leader: Node 2
[2026-02-04 18:35:32.540] [CLIENT]     Sending request to leader at port 8103
[2026-02-04 18:35:32.603] [CLIENT] Response from leader: Job accepted by leader: command
[2026-02-04 18:35:40.514] [CLIENT] Received input, other than QUIT: another
[2026-02-04 18:35:40.515] [CLIENT]     Sending request to leader at port 8103
[2026-02-04 18:35:40.559] [CLIENT] Response from leader: Job accepted by leader: another
[2026-02-04 18:36:20.822] [CLIENT] Client shut down.
[2026-02-04 18:40:03.644] [CLIENT] Raft Client Started.
[2026-02-04 18:40:07.853] [CLIENT] Received input, other than QUIT: test
[2026-02-04 18:40:07.853] [CLIENT] Discovering leader...
[2026-02-04 18:40:07.899] [CLIENT]     Querying node at port 8102 for leader
[2026-02-04 18:40:07.973] [CLIENT]     Received leader response: 2
[2026-02-04 18:40:07.974] [CLIENT] Found leader: Node 2
[2026-02-04 18:40:07.978] [CLIENT]     Sending request to leader at port 8103
[2026-02-04 18:40:08.048] [CLIENT] Response from leader: Job accepted by leader: test
[2026-02-04 18:40:44.146] [CLIENT] Received input, other than QUIT: test
[2026-02-04 18:40:44.147] [CLIENT]     Sending request to leader at port 8103
[2026-02-04 18:40:44.192] [CLIENT] Response from leader: Job accepted by leader: test
[2026-02-04 18:41:01.123] [CLIENT] Received input, other than QUIT: test
[2026-02-04 18:41:01.123] [CLIENT]     Sending request to leader at port 8103
[2026-02-04 18:41:01.170] [CLIENT] Response from leader: Job accepted by leader: test
[2026-02-04 18:41:17.995] [CLIENT] Received input, other than QUIT: test
[2026-02-04 18:41:17.995] [CLIENT]     Sending request to leader at port 8103
[2026-02-04 18:41:18.039] [CLIENT] Response from leader: Job accepted by leader: test
